<?xml version="1.0" encoding="UTF-8" ?>
<testsuite tests="42" failures="0" name="cucumberOptions.TestRunner" time="0.084" errors="24" skipped="18">
  <properties>
    <property name="java.runtime.name" value="OpenJDK Runtime Environment"/>
    <property name="java.vm.version" value="17.0.2+8"/>
    <property name="sun.boot.library.path" value="C:\Users\madha\.p2\pool\plugins\org.eclipse.justj.openjdk.hotspot.jre.full.win32.x86_64_17.0.2.v20220201-1208\jre\bin"/>
    <property name="maven.multiModuleProjectDirectory" value="D:\Training\Jenkins\greenKart"/>
    <property name="java.vm.vendor" value="Eclipse Adoptium"/>
    <property name="java.vendor.url" value="https://adoptium.net/"/>
    <property name="guice.disable.misplaced.annotation.check" value="true"/>
    <property name="path.separator" value=";"/>
    <property name="java.vm.name" value="OpenJDK 64-Bit Server VM"/>
    <property name="sun.os.patch.level" value=""/>
    <property name="user.script" value=""/>
    <property name="user.country" value="IN"/>
    <property name="sun.java.launcher" value="SUN_STANDARD"/>
    <property name="java.vm.specification.name" value="Java Virtual Machine Specification"/>
    <property name="user.dir" value="D:\Training\Jenkins\greenKart"/>
    <property name="java.vm.compressedOopsMode" value="Zero based"/>
    <property name="java.runtime.version" value="17.0.2+8"/>
    <property name="os.arch" value="amd64"/>
    <property name="java.io.tmpdir" value="C:\Users\madha\AppData\Local\Temp\"/>
    <property name="line.separator" value="
"/>
    <property name="java.vm.specification.vendor" value="Oracle Corporation"/>
    <property name="user.variant" value=""/>
    <property name="os.name" value="Windows 11"/>
    <property name="classworlds.conf" value="D:\Training\Jenkins\.metadata\.plugins\org.eclipse.m2e.launching\launches\m2conf9474231636333262104.tmp"/>
    <property name="sun.jnu.encoding" value="Cp1252"/>
    <property name="java.library.path" value="C:\Users\madha\.p2\pool\plugins\org.eclipse.justj.openjdk.hotspot.jre.full.win32.x86_64_17.0.2.v20220201-1208\jre\bin;C:\WINDOWS\Sun\Java\bin;C:\WINDOWS\system32;C:\WINDOWS;C:/Users/madha/.p2/pool/plugins/org.eclipse.justj.openjdk.hotspot.jre.full.win32.x86_64_17.0.2.v20220201-1208/jre/bin/server;C:/Users/madha/.p2/pool/plugins/org.eclipse.justj.openjdk.hotspot.jre.full.win32.x86_64_17.0.2.v20220201-1208/jre/bin;C:\Program Files\Common Files\Oracle\Java\javapath;C:\Users\madha\AppData\Local\Programs\Python\Python310\Scripts\;C:\Users\madha\AppData\Local\Programs\Python\Python310\;C:\windows\system32;C:\windows;C:\windows\System32\Wbem;C:\windows\System32\WindowsPowerShell\v1.0\;C:\windows\System32\OpenSSH\;C:\Program Files (x86)\NVIDIA Corporation\PhysX\Common;C:\Program Files\NVIDIA Corporation\NVIDIA NvDLISR;C:\Program Files\PuTTY\;C:\Program Files\Git\cmd;C:\Program Files\dotnet\;C:\WINDOWS\system32;C:\WINDOWS;C:\WINDOWS\System32\Wbem;C:\WINDOWS\System32\WindowsPowerShell\v1.0\;C:\WINDOWS\System32\OpenSSH\;C:\terraform;;C:\Program Files\nodejs\;C:\ProgramData\chocolatey\bin;;C:\Program Files\Docker\Docker\resources\bin;C:\ProgramData\DockerDesktop\version-bin;C:\Program Files\Common Files\Oracle\Java\javapath;C:\Users\madha\AppData\Local\Programs\Python\Python310\Scripts\;C:\Users\madha\AppData\Local\Programs\Python\Python310\;C:\windows\system32;C:\windows;C:\windows\System32\Wbem;C:\windows\System32\WindowsPowerShell\v1.0\;C:\windows\System32\OpenSSH\;C:\Program Files (x86)\NVIDIA Corporation\PhysX\Common;C:\Program Files\NVIDIA Corporation\NVIDIA NvDLISR;C:\Program Files\PuTTY\;C:\Program Files\Git\cmd;C:\Program Files\dotnet\;C:\WINDOWS\system32;C:\WINDOWS;C:\WINDOWS\System32\Wbem;C:\WINDOWS\System32\WindowsPowerShell\v1.0\;C:\WINDOWS\System32\OpenSSH\;C:\terraform;;C:\Program Files\Docker\Docker\resources\bin;C:\ProgramData\DockerDesktop\version-bin;C:\Program Files\nodejs\;C:\ProgramData\chocolatey\bin;C:\Users\madha\AppData\Local\Microsoft\WindowsApps;C:\Users\madha\AppData\Local\Programs\Microsoft VS Code\bin;C:\msys64\mingw64\bin;C:\Users\madha\AppData\Roaming\npm;C:\Users\madha\scripts;C:\WINDOWS\system32;;."/>
    <property name="jdk.debug" value="release"/>
    <property name="java.class.version" value="61.0"/>
    <property name="java.specification.name" value="Java Platform API Specification"/>
    <property name="sun.management.compiler" value="HotSpot 64-Bit Tiered Compilers"/>
    <property name="os.version" value="10.0"/>
    <property name="user.home" value="C:\Users\madha"/>
    <property name="user.timezone" value="Asia/Calcutta"/>
    <property name="file.encoding" value="Cp1252"/>
    <property name="java.specification.version" value="17"/>
    <property name="user.name" value="Apurba Behera"/>
    <property name="java.class.path" value="C:\Users\madha\.p2\pool\plugins\org.eclipse.m2e.maven.runtime_1.18.1.20211011-2139\jars\plexus-classworlds-2.6.0.jar"/>
    <property name="java.vm.specification.version" value="17"/>
    <property name="sun.arch.data.model" value="64"/>
    <property name="sun.java.command" value="org.codehaus.plexus.classworlds.launcher.Launcher -B clean compile test"/>
    <property name="java.home" value="C:\Users\madha\.p2\pool\plugins\org.eclipse.justj.openjdk.hotspot.jre.full.win32.x86_64_17.0.2.v20220201-1208\jre"/>
    <property name="user.language" value="en"/>
    <property name="java.specification.vendor" value="Oracle Corporation"/>
    <property name="java.vm.info" value="mixed mode"/>
    <property name="java.version" value="17.0.2"/>
    <property name="native.encoding" value="Cp1252"/>
    <property name="java.vendor" value="Eclipse Adoptium"/>
    <property name="maven.home" value="D:\Training\Jenkins\greenKart\EMBEDDED"/>
    <property name="file.separator" value="\"/>
    <property name="java.version.date" value="2022-01-18"/>
    <property name="java.vendor.url.bug" value="https://github.com/adoptium/adoptium-support/issues"/>
    <property name="sun.io.unicode.encoding" value="UnicodeLittle"/>
    <property name="sun.cpu.endian" value="little"/>
    <property name="java.vendor.version" value="Temurin-17.0.2+8"/>
    <property name="sun.cpu.isalist" value="amd64"/>
  </properties>
  <testcase classname="Order one product" name="Initialize the browser with specific sites home page" time="0.009">
    <error message=".\data.properties (The system cannot find the file specified)" type="java.io.FileNotFoundException">java.io.FileNotFoundException: .\data.properties (The system cannot find the file specified)
	at java.base/java.io.FileInputStream.open0(Native Method)
	at java.base/java.io.FileInputStream.open(FileInputStream.java:216)
	at java.base/java.io.FileInputStream.&lt;init&gt;(FileInputStream.java:157)
	at java.base/java.io.FileInputStream.&lt;init&gt;(FileInputStream.java:111)
	at resources.Base.loadDataPropertiesFile(Base.java:38)
	at resources.Base.invokeBrowser(Base.java:18)
	at stepDefinations.stepDefinationForPlaceOrderFunctionality.initialize_the_browser_with_specific_sites_home_page(stepDefinationForPlaceOrderFunctionality.java:25)
	at ✽.Initialize the browser with specific sites home page(file:///D:/Training/Jenkins/greenKart/src/test/java/features/OrderProduct.feature:5)
</error>
  </testcase>
  <testcase classname="Order one product" name="Place order with &quot;Brocolli&quot; product in cart" time="0.001">
    <skipped/>
  </testcase>
  <testcase classname="Order one product" name="Cart page populated with all information" time="0.001">
    <skipped/>
  </testcase>
  <testcase classname="Order one product" name="Order should be placed via order page" time="0">
    <skipped/>
  </testcase>
  <testcase classname="Order one product" name="Order one product" time="0.011">
    <error message=".\data.properties (The system cannot find the file specified)" type="java.io.FileNotFoundException">java.io.FileNotFoundException: .\data.properties (The system cannot find the file specified)
	at java.base/java.io.FileInputStream.open0(Native Method)
	at java.base/java.io.FileInputStream.open(FileInputStream.java:216)
	at java.base/java.io.FileInputStream.&lt;init&gt;(FileInputStream.java:157)
	at java.base/java.io.FileInputStream.&lt;init&gt;(FileInputStream.java:111)
	at resources.Base.loadDataPropertiesFile(Base.java:38)
	at resources.Base.invokeBrowser(Base.java:18)
	at stepDefinations.stepDefinationForPlaceOrderFunctionality.initialize_the_browser_with_specific_sites_home_page(stepDefinationForPlaceOrderFunctionality.java:25)
	at ✽.Initialize the browser with specific sites home page(file:///D:/Training/Jenkins/greenKart/src/test/java/features/OrderProduct.feature:5)
</error>
  </testcase>
  <testcase classname="Order one product" name="Order one product" time="0.011">
    <error message="Cannot invoke &quot;org.openqa.selenium.WebDriver.close()&quot; because &quot;stepDefinations.Hooks.driver&quot; is null" type="java.lang.NullPointerException">java.lang.NullPointerException: Cannot invoke &quot;org.openqa.selenium.WebDriver.close()&quot; because &quot;stepDefinations.Hooks.driver&quot; is null
	at stepDefinations.Hooks.AfterEveryScenarion(Hooks.java:10)
</error>
  </testcase>
  <testcase classname="Positive search with multiple value #1" name="User is on home page" time="0.001">
    <error message=".\data.properties (The system cannot find the file specified)" type="java.io.FileNotFoundException">java.io.FileNotFoundException: .\data.properties (The system cannot find the file specified)
	at java.base/java.io.FileInputStream.open0(Native Method)
	at java.base/java.io.FileInputStream.open(FileInputStream.java:216)
	at java.base/java.io.FileInputStream.&lt;init&gt;(FileInputStream.java:157)
	at java.base/java.io.FileInputStream.&lt;init&gt;(FileInputStream.java:111)
	at resources.Base.loadDataPropertiesFile(Base.java:38)
	at resources.Base.invokeBrowser(Base.java:18)
	at stepDefinations.stepDefinationForSearchingFunctionality.user_is_on_home_page(stepDefinationForSearchingFunctionality.java:19)
	at ✽.User is on home page(file:///D:/Training/Jenkins/greenKart/src/test/java/features/Search.feature:5)
</error>
  </testcase>
  <testcase classname="Positive search with multiple value #1" name="User search with valid Brocolli" time="0">
    <skipped/>
  </testcase>
  <testcase classname="Positive search with multiple value #1" name="Search page is populated with exact Brocolli" time="0.001">
    <skipped/>
  </testcase>
  <testcase classname="Positive search with multiple value #1" name="Positive search with multiple value #1" time="0.003">
    <error message=".\data.properties (The system cannot find the file specified)" type="java.io.FileNotFoundException">java.io.FileNotFoundException: .\data.properties (The system cannot find the file specified)
	at java.base/java.io.FileInputStream.open0(Native Method)
	at java.base/java.io.FileInputStream.open(FileInputStream.java:216)
	at java.base/java.io.FileInputStream.&lt;init&gt;(FileInputStream.java:157)
	at java.base/java.io.FileInputStream.&lt;init&gt;(FileInputStream.java:111)
	at resources.Base.loadDataPropertiesFile(Base.java:38)
	at resources.Base.invokeBrowser(Base.java:18)
	at stepDefinations.stepDefinationForSearchingFunctionality.user_is_on_home_page(stepDefinationForSearchingFunctionality.java:19)
	at ✽.User is on home page(file:///D:/Training/Jenkins/greenKart/src/test/java/features/Search.feature:5)
</error>
  </testcase>
  <testcase classname="Positive search with multiple value #1" name="Positive search with multiple value #1" time="0.003">
    <error message="Cannot invoke &quot;org.openqa.selenium.WebDriver.close()&quot; because &quot;stepDefinations.Hooks.driver&quot; is null" type="java.lang.NullPointerException">java.lang.NullPointerException: Cannot invoke &quot;org.openqa.selenium.WebDriver.close()&quot; because &quot;stepDefinations.Hooks.driver&quot; is null
	at stepDefinations.Hooks.AfterEveryScenarion(Hooks.java:10)
</error>
  </testcase>
  <testcase classname="Positive search with multiple value #2" name="User is on home page" time="0.001">
    <error message=".\data.properties (The system cannot find the file specified)" type="java.io.FileNotFoundException">java.io.FileNotFoundException: .\data.properties (The system cannot find the file specified)
	at java.base/java.io.FileInputStream.open0(Native Method)
	at java.base/java.io.FileInputStream.open(FileInputStream.java:216)
	at java.base/java.io.FileInputStream.&lt;init&gt;(FileInputStream.java:157)
	at java.base/java.io.FileInputStream.&lt;init&gt;(FileInputStream.java:111)
	at resources.Base.loadDataPropertiesFile(Base.java:38)
	at resources.Base.invokeBrowser(Base.java:18)
	at stepDefinations.stepDefinationForSearchingFunctionality.user_is_on_home_page(stepDefinationForSearchingFunctionality.java:19)
	at ✽.User is on home page(file:///D:/Training/Jenkins/greenKart/src/test/java/features/Search.feature:5)
</error>
  </testcase>
  <testcase classname="Positive search with multiple value #2" name="User search with valid Capsicum" time="0">
    <skipped/>
  </testcase>
  <testcase classname="Positive search with multiple value #2" name="Search page is populated with exact Capsicum" time="0">
    <skipped/>
  </testcase>
  <testcase classname="Positive search with multiple value #2" name="Positive search with multiple value #2" time="0.002">
    <error message=".\data.properties (The system cannot find the file specified)" type="java.io.FileNotFoundException">java.io.FileNotFoundException: .\data.properties (The system cannot find the file specified)
	at java.base/java.io.FileInputStream.open0(Native Method)
	at java.base/java.io.FileInputStream.open(FileInputStream.java:216)
	at java.base/java.io.FileInputStream.&lt;init&gt;(FileInputStream.java:157)
	at java.base/java.io.FileInputStream.&lt;init&gt;(FileInputStream.java:111)
	at resources.Base.loadDataPropertiesFile(Base.java:38)
	at resources.Base.invokeBrowser(Base.java:18)
	at stepDefinations.stepDefinationForSearchingFunctionality.user_is_on_home_page(stepDefinationForSearchingFunctionality.java:19)
	at ✽.User is on home page(file:///D:/Training/Jenkins/greenKart/src/test/java/features/Search.feature:5)
</error>
  </testcase>
  <testcase classname="Positive search with multiple value #2" name="Positive search with multiple value #2" time="0.002">
    <error message="Cannot invoke &quot;org.openqa.selenium.WebDriver.close()&quot; because &quot;stepDefinations.Hooks.driver&quot; is null" type="java.lang.NullPointerException">java.lang.NullPointerException: Cannot invoke &quot;org.openqa.selenium.WebDriver.close()&quot; because &quot;stepDefinations.Hooks.driver&quot; is null
	at stepDefinations.Hooks.AfterEveryScenarion(Hooks.java:10)
</error>
  </testcase>
  <testcase classname="Negative search with multiple value #1" name="User is on home page" time="0.002">
    <error message=".\data.properties (The system cannot find the file specified)" type="java.io.FileNotFoundException">java.io.FileNotFoundException: .\data.properties (The system cannot find the file specified)
	at java.base/java.io.FileInputStream.open0(Native Method)
	at java.base/java.io.FileInputStream.open(FileInputStream.java:216)
	at java.base/java.io.FileInputStream.&lt;init&gt;(FileInputStream.java:157)
	at java.base/java.io.FileInputStream.&lt;init&gt;(FileInputStream.java:111)
	at resources.Base.loadDataPropertiesFile(Base.java:38)
	at resources.Base.invokeBrowser(Base.java:18)
	at stepDefinations.stepDefinationForSearchingFunctionality.user_is_on_home_page(stepDefinationForSearchingFunctionality.java:19)
	at ✽.User is on home page(file:///D:/Training/Jenkins/greenKart/src/test/java/features/Search.feature:17)
</error>
  </testcase>
  <testcase classname="Negative search with multiple value #1" name="User search with invalid Fish" time="0.001">
    <skipped/>
  </testcase>
  <testcase classname="Negative search with multiple value #1" name="Search page is populated with &quot;no products matched&quot; message" time="0.001">
    <skipped/>
  </testcase>
  <testcase classname="Negative search with multiple value #1" name="Negative search with multiple value #1" time="0.006">
    <error message=".\data.properties (The system cannot find the file specified)" type="java.io.FileNotFoundException">java.io.FileNotFoundException: .\data.properties (The system cannot find the file specified)
	at java.base/java.io.FileInputStream.open0(Native Method)
	at java.base/java.io.FileInputStream.open(FileInputStream.java:216)
	at java.base/java.io.FileInputStream.&lt;init&gt;(FileInputStream.java:157)
	at java.base/java.io.FileInputStream.&lt;init&gt;(FileInputStream.java:111)
	at resources.Base.loadDataPropertiesFile(Base.java:38)
	at resources.Base.invokeBrowser(Base.java:18)
	at stepDefinations.stepDefinationForSearchingFunctionality.user_is_on_home_page(stepDefinationForSearchingFunctionality.java:19)
	at ✽.User is on home page(file:///D:/Training/Jenkins/greenKart/src/test/java/features/Search.feature:17)
</error>
  </testcase>
  <testcase classname="Negative search with multiple value #1" name="Negative search with multiple value #1" time="0.006">
    <error message="Cannot invoke &quot;org.openqa.selenium.WebDriver.close()&quot; because &quot;stepDefinations.Hooks.driver&quot; is null" type="java.lang.NullPointerException">java.lang.NullPointerException: Cannot invoke &quot;org.openqa.selenium.WebDriver.close()&quot; because &quot;stepDefinations.Hooks.driver&quot; is null
	at stepDefinations.Hooks.AfterEveryScenarion(Hooks.java:10)
</error>
  </testcase>
  <testcase classname="Negative search with multiple value #2" name="User is on home page" time="0.001">
    <error message=".\data.properties (The system cannot find the file specified)" type="java.io.FileNotFoundException">java.io.FileNotFoundException: .\data.properties (The system cannot find the file specified)
	at java.base/java.io.FileInputStream.open0(Native Method)
	at java.base/java.io.FileInputStream.open(FileInputStream.java:216)
	at java.base/java.io.FileInputStream.&lt;init&gt;(FileInputStream.java:157)
	at java.base/java.io.FileInputStream.&lt;init&gt;(FileInputStream.java:111)
	at resources.Base.loadDataPropertiesFile(Base.java:38)
	at resources.Base.invokeBrowser(Base.java:18)
	at stepDefinations.stepDefinationForSearchingFunctionality.user_is_on_home_page(stepDefinationForSearchingFunctionality.java:19)
	at ✽.User is on home page(file:///D:/Training/Jenkins/greenKart/src/test/java/features/Search.feature:17)
</error>
  </testcase>
  <testcase classname="Negative search with multiple value #2" name="User search with invalid Chicken" time="0.001">
    <skipped/>
  </testcase>
  <testcase classname="Negative search with multiple value #2" name="Search page is populated with &quot;no products matched&quot; message" time="0">
    <skipped/>
  </testcase>
  <testcase classname="Negative search with multiple value #2" name="Negative search with multiple value #2" time="0.002">
    <error message=".\data.properties (The system cannot find the file specified)" type="java.io.FileNotFoundException">java.io.FileNotFoundException: .\data.properties (The system cannot find the file specified)
	at java.base/java.io.FileInputStream.open0(Native Method)
	at java.base/java.io.FileInputStream.open(FileInputStream.java:216)
	at java.base/java.io.FileInputStream.&lt;init&gt;(FileInputStream.java:157)
	at java.base/java.io.FileInputStream.&lt;init&gt;(FileInputStream.java:111)
	at resources.Base.loadDataPropertiesFile(Base.java:38)
	at resources.Base.invokeBrowser(Base.java:18)
	at stepDefinations.stepDefinationForSearchingFunctionality.user_is_on_home_page(stepDefinationForSearchingFunctionality.java:19)
	at ✽.User is on home page(file:///D:/Training/Jenkins/greenKart/src/test/java/features/Search.feature:17)
</error>
  </testcase>
  <testcase classname="Negative search with multiple value #2" name="Negative search with multiple value #2" time="0.002">
    <error message="Cannot invoke &quot;org.openqa.selenium.WebDriver.close()&quot; because &quot;stepDefinations.Hooks.driver&quot; is null" type="java.lang.NullPointerException">java.lang.NullPointerException: Cannot invoke &quot;org.openqa.selenium.WebDriver.close()&quot; because &quot;stepDefinations.Hooks.driver&quot; is null
	at stepDefinations.Hooks.AfterEveryScenarion(Hooks.java:10)
</error>
  </testcase>
  <testcase classname="Home page UI validation" name="User is on home page" time="0.001">
    <error message=".\data.properties (The system cannot find the file specified)" type="java.io.FileNotFoundException">java.io.FileNotFoundException: .\data.properties (The system cannot find the file specified)
	at java.base/java.io.FileInputStream.open0(Native Method)
	at java.base/java.io.FileInputStream.open(FileInputStream.java:216)
	at java.base/java.io.FileInputStream.&lt;init&gt;(FileInputStream.java:157)
	at java.base/java.io.FileInputStream.&lt;init&gt;(FileInputStream.java:111)
	at resources.Base.loadDataPropertiesFile(Base.java:38)
	at resources.Base.invokeBrowser(Base.java:18)
	at stepDefinations.stepDefinationForSearchingFunctionality.user_is_on_home_page(stepDefinationForSearchingFunctionality.java:19)
	at ✽.User is on home page(file:///D:/Training/Jenkins/greenKart/src/test/java/features/Search.feature:28)
</error>
  </testcase>
  <testcase classname="Home page UI validation" name="User search with specific &quot;ot&quot; letters for multiple product" time="0.001">
    <skipped/>
  </testcase>
  <testcase classname="Home page UI validation" name="Search page is populated with multiple products which contains &quot;ot&quot; letters" time="0">
    <skipped/>
  </testcase>
  <testcase classname="Home page UI validation" name="Home page UI validation" time="0.002">
    <error message=".\data.properties (The system cannot find the file specified)" type="java.io.FileNotFoundException">java.io.FileNotFoundException: .\data.properties (The system cannot find the file specified)
	at java.base/java.io.FileInputStream.open0(Native Method)
	at java.base/java.io.FileInputStream.open(FileInputStream.java:216)
	at java.base/java.io.FileInputStream.&lt;init&gt;(FileInputStream.java:157)
	at java.base/java.io.FileInputStream.&lt;init&gt;(FileInputStream.java:111)
	at resources.Base.loadDataPropertiesFile(Base.java:38)
	at resources.Base.invokeBrowser(Base.java:18)
	at stepDefinations.stepDefinationForSearchingFunctionality.user_is_on_home_page(stepDefinationForSearchingFunctionality.java:19)
	at ✽.User is on home page(file:///D:/Training/Jenkins/greenKart/src/test/java/features/Search.feature:28)
</error>
  </testcase>
  <testcase classname="Home page UI validation" name="Home page UI validation" time="0.002">
    <error message="Cannot invoke &quot;org.openqa.selenium.WebDriver.close()&quot; because &quot;stepDefinations.Hooks.driver&quot; is null" type="java.lang.NullPointerException">java.lang.NullPointerException: Cannot invoke &quot;org.openqa.selenium.WebDriver.close()&quot; because &quot;stepDefinations.Hooks.driver&quot; is null
	at stepDefinations.Hooks.AfterEveryScenarion(Hooks.java:10)
</error>
  </testcase>
  <testcase classname="Home page UI validation" name="Initialize the browser with specific site" time="0.001">
    <error message=".\data.properties (The system cannot find the file specified)" type="java.io.FileNotFoundException">java.io.FileNotFoundException: .\data.properties (The system cannot find the file specified)
	at java.base/java.io.FileInputStream.open0(Native Method)
	at java.base/java.io.FileInputStream.open(FileInputStream.java:216)
	at java.base/java.io.FileInputStream.&lt;init&gt;(FileInputStream.java:157)
	at java.base/java.io.FileInputStream.&lt;init&gt;(FileInputStream.java:111)
	at resources.Base.loadDataPropertiesFile(Base.java:38)
	at resources.Base.invokeBrowser(Base.java:18)
	at stepDefinations.stepDefinationForUITesting.initialize_the_browser_with_specific_site(stepDefinationForUITesting.java:20)
	at ✽.Initialize the browser with specific site(file:///D:/Training/Jenkins/greenKart/src/test/java/features/UIValidation.feature:5)
</error>
  </testcase>
  <testcase classname="Home page UI validation" name="Browse to home page" time="0">
    <skipped/>
  </testcase>
  <testcase classname="Home page UI validation" name="Home page is populated with all of its elements" time="0">
    <skipped/>
  </testcase>
  <testcase classname="Home page UI validation" name="Home page UI validation" time="0.002">
    <error message=".\data.properties (The system cannot find the file specified)" type="java.io.FileNotFoundException">java.io.FileNotFoundException: .\data.properties (The system cannot find the file specified)
	at java.base/java.io.FileInputStream.open0(Native Method)
	at java.base/java.io.FileInputStream.open(FileInputStream.java:216)
	at java.base/java.io.FileInputStream.&lt;init&gt;(FileInputStream.java:157)
	at java.base/java.io.FileInputStream.&lt;init&gt;(FileInputStream.java:111)
	at resources.Base.loadDataPropertiesFile(Base.java:38)
	at resources.Base.invokeBrowser(Base.java:18)
	at stepDefinations.stepDefinationForUITesting.initialize_the_browser_with_specific_site(stepDefinationForUITesting.java:20)
	at ✽.Initialize the browser with specific site(file:///D:/Training/Jenkins/greenKart/src/test/java/features/UIValidation.feature:5)
</error>
  </testcase>
  <testcase classname="Home page UI validation" name="Home page UI validation" time="0.002">
    <error message="Cannot invoke &quot;org.openqa.selenium.WebDriver.close()&quot; because &quot;stepDefinations.Hooks.driver&quot; is null" type="java.lang.NullPointerException">java.lang.NullPointerException: Cannot invoke &quot;org.openqa.selenium.WebDriver.close()&quot; because &quot;stepDefinations.Hooks.driver&quot; is null
	at stepDefinations.Hooks.AfterEveryScenarion(Hooks.java:10)
</error>
  </testcase>
  <testcase classname="Cart page UI validation" name="Initialize the browser with specific site" time="0.001">
    <error message=".\data.properties (The system cannot find the file specified)" type="java.io.FileNotFoundException">java.io.FileNotFoundException: .\data.properties (The system cannot find the file specified)
	at java.base/java.io.FileInputStream.open0(Native Method)
	at java.base/java.io.FileInputStream.open(FileInputStream.java:216)
	at java.base/java.io.FileInputStream.&lt;init&gt;(FileInputStream.java:157)
	at java.base/java.io.FileInputStream.&lt;init&gt;(FileInputStream.java:111)
	at resources.Base.loadDataPropertiesFile(Base.java:38)
	at resources.Base.invokeBrowser(Base.java:18)
	at stepDefinations.stepDefinationForUITesting.initialize_the_browser_with_specific_site(stepDefinationForUITesting.java:20)
	at ✽.Initialize the browser with specific site(file:///D:/Training/Jenkins/greenKart/src/test/java/features/UIValidation.feature:11)
</error>
  </testcase>
  <testcase classname="Cart page UI validation" name="Navigate to cart page after adding one product" time="0">
    <skipped/>
  </testcase>
  <testcase classname="Cart page UI validation" name="Cart page is populated with all of its elements" time="0">
    <skipped/>
  </testcase>
  <testcase classname="Cart page UI validation" name="Selected product information should be the same as home page" time="0">
    <skipped/>
  </testcase>
  <testcase classname="Cart page UI validation" name="Cart page UI validation" time="0.002">
    <error message=".\data.properties (The system cannot find the file specified)" type="java.io.FileNotFoundException">java.io.FileNotFoundException: .\data.properties (The system cannot find the file specified)
	at java.base/java.io.FileInputStream.open0(Native Method)
	at java.base/java.io.FileInputStream.open(FileInputStream.java:216)
	at java.base/java.io.FileInputStream.&lt;init&gt;(FileInputStream.java:157)
	at java.base/java.io.FileInputStream.&lt;init&gt;(FileInputStream.java:111)
	at resources.Base.loadDataPropertiesFile(Base.java:38)
	at resources.Base.invokeBrowser(Base.java:18)
	at stepDefinations.stepDefinationForUITesting.initialize_the_browser_with_specific_site(stepDefinationForUITesting.java:20)
	at ✽.Initialize the browser with specific site(file:///D:/Training/Jenkins/greenKart/src/test/java/features/UIValidation.feature:11)
</error>
  </testcase>
  <testcase classname="Cart page UI validation" name="Cart page UI validation" time="0.002">
    <error message="Cannot invoke &quot;org.openqa.selenium.WebDriver.close()&quot; because &quot;stepDefinations.Hooks.driver&quot; is null" type="java.lang.NullPointerException">java.lang.NullPointerException: Cannot invoke &quot;org.openqa.selenium.WebDriver.close()&quot; because &quot;stepDefinations.Hooks.driver&quot; is null
	at stepDefinations.Hooks.AfterEveryScenarion(Hooks.java:10)
</error>
  </testcase>
</testsuite>