<?xml version="1.0" encoding="UTF-8" standalone="no"?>
<testsuite errors="0" failures="1" name="io.cucumber.core.plugin.JUnitFormatter" skipped="0" tests="8" time="79.867">
    <testcase classname="Place order functinality validation" name="Order one product" time="32.599">
        <failure message="chrome not reachable&#10;  (Session info: chrome=104.0.5112.102)&#10;Build info: version: '4.4.0', revision: 'e5c75ed026a'&#10;System info: host: 'DESKTOP-34OC10G', ip: '192.168.29.63', os.name: 'Windows 11', os.arch: 'amd64', os.version: '10.0', java.version: '17.0.2'&#10;Driver info: org.openqa.selenium.chrome.ChromeDriver&#10;Command: [408f5fa1f18706df9ee8109922074b33, findElement {using=xpath, value=//div[@class='brand greenLogo']}]&#10;Capabilities {acceptInsecureCerts: false, browserName: chrome, browserVersion: 104.0.5112.102, chrome: {chromedriverVersion: 104.0.5112.79 (3cf3e8c8a07d..., userDataDir: C:\Users\madha\AppData\Loca...}, goog:chromeOptions: {debuggerAddress: localhost:51744}, networkConnectionEnabled: false, pageLoadStrategy: normal, platformName: WINDOWS, proxy: Proxy(), se:cdp: ws://localhost:51744/devtoo..., se:cdpVersion: 104.0.5112.102, setWindowRect: true, strictFileInteractability: false, timeouts: {implicit: 0, pageLoad: 300000, script: 30000}, unhandledPromptBehavior: dismiss and notify, webauthn:extension:credBlob: true, webauthn:extension:largeBlob: true, webauthn:virtualAuthenticators: true}&#10;Session ID: 408f5fa1f18706df9ee8109922074b33" type="org.openqa.selenium.WebDriverException"><![CDATA[Given Initialize the browser with specific sites home page..................passed
When Place order with "Brocolli" product in cart............................passed
Then Cart page populated with all information...............................passed
And Order should be placed via order page...................................failed

StackTrace:
org.openqa.selenium.WebDriverException: chrome not reachable
  (Session info: chrome=104.0.5112.102)
Build info: version: '4.4.0', revision: 'e5c75ed026a'
System info: host: 'DESKTOP-34OC10G', ip: '192.168.29.63', os.name: 'Windows 11', os.arch: 'amd64', os.version: '10.0', java.version: '17.0.2'
Driver info: org.openqa.selenium.chrome.ChromeDriver
Command: [408f5fa1f18706df9ee8109922074b33, findElement {using=xpath, value=//div[@class='brand greenLogo']}]
Capabilities {acceptInsecureCerts: false, browserName: chrome, browserVersion: 104.0.5112.102, chrome: {chromedriverVersion: 104.0.5112.79 (3cf3e8c8a07d..., userDataDir: C:\Users\madha\AppData\Loca...}, goog:chromeOptions: {debuggerAddress: localhost:51744}, networkConnectionEnabled: false, pageLoadStrategy: normal, platformName: WINDOWS, proxy: Proxy(), se:cdp: ws://localhost:51744/devtoo..., se:cdpVersion: 104.0.5112.102, setWindowRect: true, strictFileInteractability: false, timeouts: {implicit: 0, pageLoad: 300000, script: 30000}, unhandledPromptBehavior: dismiss and notify, webauthn:extension:credBlob: true, webauthn:extension:largeBlob: true, webauthn:virtualAuthenticators: true}
Session ID: 408f5fa1f18706df9ee8109922074b33
	at java.base/jdk.internal.reflect.NativeConstructorAccessorImpl.newInstance0(Native Method)
	at java.base/jdk.internal.reflect.NativeConstructorAccessorImpl.newInstance(NativeConstructorAccessorImpl.java:77)
	at java.base/jdk.internal.reflect.DelegatingConstructorAccessorImpl.newInstance(DelegatingConstructorAccessorImpl.java:45)
	at java.base/java.lang.reflect.Constructor.newInstanceWithCaller(Constructor.java:499)
	at java.base/java.lang.reflect.Constructor.newInstance(Constructor.java:480)
	at org.openqa.selenium.remote.codec.w3c.W3CHttpResponseCodec.createException(W3CHttpResponseCodec.java:200)
	at org.openqa.selenium.remote.codec.w3c.W3CHttpResponseCodec.decode(W3CHttpResponseCodec.java:133)
	at org.openqa.selenium.remote.codec.w3c.W3CHttpResponseCodec.decode(W3CHttpResponseCodec.java:53)
	at org.openqa.selenium.remote.HttpCommandExecutor.execute(HttpCommandExecutor.java:184)
	at org.openqa.selenium.remote.service.DriverCommandExecutor.invokeExecute(DriverCommandExecutor.java:167)
	at org.openqa.selenium.remote.service.DriverCommandExecutor.execute(DriverCommandExecutor.java:142)
	at org.openqa.selenium.remote.RemoteWebDriver.execute(RemoteWebDriver.java:547)
	at org.openqa.selenium.remote.ElementLocation$ElementFinder$2.findElement(ElementLocation.java:162)
	at org.openqa.selenium.remote.ElementLocation.findElement(ElementLocation.java:60)
	at org.openqa.selenium.remote.RemoteWebDriver.findElement(RemoteWebDriver.java:365)
	at org.openqa.selenium.remote.RemoteWebDriver.findElement(RemoteWebDriver.java:357)
	at pageObjects.HomePage.getPageElement(HomePage.java:48)
	at stepDefinations.stepDefinationForPlaceOrderFunctionality.order_should_be_placed_via_order_page(stepDefinationForPlaceOrderFunctionality.java:74)
	at âœ½.Order should be placed via order page(file:///D:/Training/Jenkins/greenKart/src/test/java/features/OrderProduct.feature:8)
]]></failure>
    </testcase>
    <testcase classname="Searching functionality with multiple data passing validation" name="Positive search with multiple value" time="9.285">
        <system-out><![CDATA[Given User is on home page..................................................passed
When User search with valid Brocolli........................................passed
Then Search page is populated with exact Brocolli...........................passed
]]></system-out>
    </testcase>
    <testcase classname="Searching functionality with multiple data passing validation" name="Positive search with multiple value 2" time="8.39">
        <system-out><![CDATA[Given User is on home page..................................................passed
When User search with valid Capsicum........................................passed
Then Search page is populated with exact Capsicum...........................passed
]]></system-out>
    </testcase>
    <testcase classname="Searching functionality with multiple data passing validation" name="Negative search with multiple value" time="4.577">
        <system-out><![CDATA[Given User is on home page..................................................passed
When User search with invalid Fish..........................................passed
Then Search page is populated with "no products matched" message............passed
]]></system-out>
    </testcase>
    <testcase classname="Searching functionality with multiple data passing validation" name="Negative search with multiple value 2" time="5.379">
        <system-out><![CDATA[Given User is on home page..................................................passed
When User search with invalid Chicken.......................................passed
Then Search page is populated with "no products matched" message............passed
]]></system-out>
    </testcase>
    <testcase classname="Searching functionality with multiple data passing validation" name="Home page UI validation" time="9.432">
        <system-out><![CDATA[Given User is on home page..................................................passed
When User search with specific "ot" letters for multiple product............passed
Then Search page is populated with multiple products which contains "ot" letters.passed
]]></system-out>
    </testcase>
    <testcase classname="UI validation" name="Home page UI validation" time="4.069">
        <system-out><![CDATA[Given Initialize the browser with specific site.............................passed
When Browse to home page....................................................passed
Then Home page is populated with all of its elements........................passed
]]></system-out>
    </testcase>
    <testcase classname="UI validation" name="Cart page UI validation" time="5.775">
        <system-out><![CDATA[Given Initialize the browser with specific site.............................passed
When Navigate to cart page after adding one product.........................passed
Then Cart page is populated with all of its elements........................passed
And Selected product information should be the same as home page............passed
]]></system-out>
    </testcase>
</testsuite>
